<?xml version="1.0" encoding="UTF-8"?>
<testng-results skipped="0" failed="0" ignored="0" total="1" passed="1">
  <reporter-output>
  </reporter-output>
  <suite name="Trip Planner" duration-ms="19004" started-at="2020-08-26T01:59:25Z" finished-at="2020-08-26T01:59:44Z">
    <groups>
    </groups>
    <test name="Plan A Trip" duration-ms="19004" started-at="2020-08-26T01:59:25Z" finished-at="2020-08-26T01:59:44Z">
      <class name="testCases.PlanATrip">
        <test-method status="PASS" signature="setUp()[pri:0, instance:testCases.PlanATrip@4cc0edeb]" name="setUp" is-config="true" duration-ms="12736" started-at="2020-08-26T11:59:12Z" finished-at="2020-08-26T11:59:25Z">
          <reporter-output>
          </reporter-output>
        </test-method> <!-- setUp -->
        <test-method status="PASS" signature="planTrip()[pri:0, instance:testCases.PlanATrip@4cc0edeb]" name="planTrip" duration-ms="18978" started-at="2020-08-26T11:59:25Z" finished-at="2020-08-26T11:59:44Z">
          <reporter-output>
          </reporter-output>
        </test-method> <!-- planTrip -->
        <test-method status="PASS" signature="tearDown()[pri:0, instance:testCases.PlanATrip@4cc0edeb]" name="tearDown" is-config="true" duration-ms="2447" started-at="2020-08-26T11:59:44Z" finished-at="2020-08-26T11:59:46Z">
          <reporter-output>
          </reporter-output>
        </test-method> <!-- tearDown -->
      </class> <!-- testCases.PlanATrip -->
    </test> <!-- Plan A Trip -->
  </suite> <!-- Trip Planner -->
</testng-results>
